#
# There is insufficient memory for the Java Runtime Environment to continue.
# Native memory allocation (malloc) failed to allocate 202256 bytes for Chunk::new
# Possible reasons:
#   The system is out of physical RAM or swap space
#   The process is running with CompressedOops enabled, and the Java Heap may be blocking the growth of the native heap
# Possible solutions:
#   Reduce memory load on the system
#   Increase physical memory or swap space
#   Check if swap backing store is full
#   Decrease Java heap size (-Xmx/-Xms)
#   Decrease number of Java threads
#   Decrease Java thread stack sizes (-Xss)
#   Set larger code cache with -XX:ReservedCodeCacheSize=
#   JVM is running with Unscaled Compressed Oops mode in which the Java heap is
#     placed in the first 4GB address space. The Java Heap base address is the
#     maximum limit for the native heap growth. Please use -XX:HeapBaseMinAddress
#     to set the Java Heap base and to place the Java Heap above 4GB virtual address.
# This output file may be truncated or incomplete.
#
#  Out of Memory Error (arena.cpp:189), pid=2608, tid=604
#
# JRE version: Java(TM) SE Runtime Environment (17.0.1+12) (build 17.0.1+12-LTS-39)
# Java VM: Java HotSpot(TM) 64-Bit Server VM (17.0.1+12-LTS-39, mixed mode, sharing, tiered, compressed oops, compressed class ptrs, g1 gc, windows-amd64)
# No core dump will be written. Minidumps are not enabled by default on client versions of Windows
#

---------------  S U M M A R Y ------------

Command Line: -Dclassworlds.conf=G:\Program Files\NetBeans-12.5\netbeans\java\maven\bin\..\bin\m2.conf -Dmaven.home=G:\Program Files\NetBeans-12.5\netbeans\java\maven\bin\.. -Dlibrary.jansi.path=G:\Program Files\NetBeans-12.5\netbeans\java\maven\bin\..\lib\jansi-native -Dmaven.multiModuleProjectDirectory=G:\hoctap\SINHVIEN\namtu\HK1\LTM\THI_HK\AppChat org.codehaus.plexus.classworlds.launcher.Launcher -Dexec.vmArgs= -Dexec.args=${exec.vmArgs} -classpath %classpath ${exec.mainClass} ${exec.appArgs} -Dexec.executable=D:\Program Files\Java\jdk-17.0.1\bin\java.exe -Dexec.mainClass=Client.MainClient -Dexec.classpathScope=runtime -Dexec.appArgs= -Dmaven.ext.class.path=G:\Program Files\NetBeans-12.5\netbeans\java\maven-nblib\netbeans-eventspy.jar -Dfile.encoding=UTF-8 org.codehaus.mojo:exec-maven-plugin:3.0.0:exec

Host: Intel(R) Core(TM) i5-7200U CPU @ 2.50GHz, 4 cores, 3G,  Windows 10 , 64 bit Build 18362 (10.0.18362.329)
Time: Mon Jan  3 15:59:38 2022 SE Asia Standard Time elapsed time: 1.199736 seconds (0d 0h 0m 1s)

---------------  T H R E A D  ---------------

Current thread (0x000001af98b708f0):  JavaThread "C2 CompilerThread1" daemon [_thread_in_native, id=604, stack(0x0000005c47b00000,0x0000005c47c00000)]


Current CompileTask:
C2:   1199 1300       4       jdk.internal.loader.URLClassPath::getResource (74 bytes)

Stack: [0x0000005c47b00000,0x0000005c47c00000]
Native frames: (J=compiled Java code, j=interpreted, Vv=VM code, C=native code)
V  [jvm.dll+0x66fa1a]
V  [jvm.dll+0x7ce5a4]
V  [jvm.dll+0x7cfd4e]
V  [jvm.dll+0x7d03b3]
V  [jvm.dll+0x242b05]
V  [jvm.dll+0xaa05b]
V  [jvm.dll+0xaa5ec]
V  [jvm.dll+0x2a953f]
V  [jvm.dll+0x5785a9]
V  [jvm.dll+0x21dd7d]
V  [jvm.dll+0x21e15f]
V  [jvm.dll+0x217a2a]
V  [jvm.dll+0x214f05]
V  [jvm.dll+0x1a168d]
V  [jvm.dll+0x224848]
V  [jvm.dll+0x2229ac]
V  [jvm.dll+0x78435b]
V  [jvm.dll+0x77e91a]
V  [jvm.dll+0x66e845]
C  [ucrtbase.dll+0x20e72]
C  [KERNEL32.DLL+0x17bd4]
C  [ntdll.dll+0x6ced1]


---------------  P R O C E S S  ---------------

Threads class SMR info:
_java_thread_list=0x000001af98b110d0, length=13, elements={
0x000001affc164e20, 0x000001affc218860, 0x000001affc2195e0, 0x000001affeab1490,
0x000001affeab1f50, 0x000001affeab4920, 0x000001affeab51e0, 0x000001affeab7de0,
0x000001affeaca630, 0x000001affeaccf40, 0x000001afff570b60, 0x000001afff576610,
0x000001af98b708f0
}

Java Threads: ( => current thread )
  0x000001affc164e20 JavaThread "main" [_thread_in_Java, id=13192, stack(0x0000005c46500000,0x0000005c46600000)]
  0x000001affc218860 JavaThread "Reference Handler" daemon [_thread_blocked, id=7292, stack(0x0000005c46c00000,0x0000005c46d00000)]
  0x000001affc2195e0 JavaThread "Finalizer" daemon [_thread_blocked, id=14528, stack(0x0000005c46d00000,0x0000005c46e00000)]
  0x000001affeab1490 JavaThread "Signal Dispatcher" daemon [_thread_blocked, id=14824, stack(0x0000005c46e00000,0x0000005c46f00000)]
  0x000001affeab1f50 JavaThread "Attach Listener" daemon [_thread_blocked, id=14716, stack(0x0000005c46f00000,0x0000005c47000000)]
  0x000001affeab4920 JavaThread "Service Thread" daemon [_thread_blocked, id=1696, stack(0x0000005c47000000,0x0000005c47100000)]
  0x000001affeab51e0 JavaThread "Monitor Deflation Thread" daemon [_thread_blocked, id=14720, stack(0x0000005c47100000,0x0000005c47200000)]
  0x000001affeab7de0 JavaThread "C2 CompilerThread0" daemon [_thread_in_native, id=1772, stack(0x0000005c47200000,0x0000005c47300000)]
  0x000001affeaca630 JavaThread "C1 CompilerThread0" daemon [_thread_blocked, id=14184, stack(0x0000005c47300000,0x0000005c47400000)]
  0x000001affeaccf40 JavaThread "Sweeper thread" daemon [_thread_blocked, id=14056, stack(0x0000005c47400000,0x0000005c47500000)]
  0x000001afff570b60 JavaThread "Notification Thread" daemon [_thread_blocked, id=3160, stack(0x0000005c47500000,0x0000005c47600000)]
  0x000001afff576610 JavaThread "Common-Cleaner" daemon [_thread_blocked, id=440, stack(0x0000005c47700000,0x0000005c47800000)]
=>0x000001af98b708f0 JavaThread "C2 CompilerThread1" daemon [_thread_in_native, id=604, stack(0x0000005c47b00000,0x0000005c47c00000)]

Other Threads:
  0x000001affc213e50 VMThread "VM Thread" [stack: 0x0000005c46b00000,0x0000005c46c00000] [id=1396]
  0x000001affc1aaea0 WatcherThread [stack: 0x0000005c47600000,0x0000005c47700000] [id=3832]
  0x000001affc199740 GCTaskThread "GC Thread#0" [stack: 0x0000005c46600000,0x0000005c46700000] [id=11656]
  0x000001af98b16af0 GCTaskThread "GC Thread#1" [stack: 0x0000005c47800000,0x0000005c47900000] [id=3796]
  0x000001af98b32020 GCTaskThread "GC Thread#2" [stack: 0x0000005c47900000,0x0000005c47a00000] [id=3360]
  0x000001af98b322d0 GCTaskThread "GC Thread#3" [stack: 0x0000005c47a00000,0x0000005c47b00000] [id=13864]
  0x000001affc1a2f20 ConcurrentGCThread "G1 Main Marker" [stack: 0x0000005c46700000,0x0000005c46800000] [id=12500]
  0x000001affc1a3fe0 ConcurrentGCThread "G1 Conc#0" [stack: 0x0000005c46800000,0x0000005c46900000] [id=8100]
  0x000001affc1e0cb0 ConcurrentGCThread "G1 Refine#0" [stack: 0x0000005c46900000,0x0000005c46a00000] [id=8460]
  0x000001affc1e15e0 ConcurrentGCThread "G1 Service" [stack: 0x0000005c46a00000,0x0000005c46b00000] [id=8740]

Threads with active compile tasks:
C2 CompilerThread0     1233 1301       4       java.util.jar.JarFile::getEntry (35 bytes)
C2 CompilerThread1     1233 1300       4       jdk.internal.loader.URLClassPath::getResource (74 bytes)

VM state: not at safepoint (normal execution)

VM Mutex/Monitor currently owned by a thread: None

Heap address: 0x00000000c3400000, size: 972 MB, Compressed Oops mode: 32-bit

CDS archive(s) mapped at: [0x0000000800000000-0x0000000800bc0000-0x0000000800bc0000), size 12320768, SharedBaseAddress: 0x0000000800000000, ArchiveRelocationMode: 0.
Compressed class space mapped at: 0x0000000800c00000-0x0000000840c00000, reserved size: 1073741824
Narrow klass base: 0x0000000800000000, Narrow klass shift: 0, Narrow klass range: 0x100000000

GC Precious Log:
 CPUs: 4 total, 4 available
 Memory: 3887M
 Large Page Support: Disabled
 NUMA Support: Disabled
 Compressed Oops: Enabled (32-bit)
 Heap Region Size: 1M
 Heap Min Capacity: 8M
 Heap Initial Capacity: 62M
 Heap Max Capacity: 972M
 Pre-touch: Disabled
 Parallel Workers: 4
 Concurrent Workers: 1
 Concurrent Refinement Workers: 4
 Periodic GC: Disabled

Heap:
 garbage-first heap   total 63488K, used 13123K [0x00000000c3400000, 0x0000000100000000)
  region size 1024K, 12 young (12288K), 1 survivors (1024K)
 Metaspace       used 6886K, committed 7040K, reserved 1064960K
  class space    used 814K, committed 896K, reserved 1048576K

Heap Regions: E=young(eden), S=young(survivor), O=old, HS=humongous(starts), HC=humongous(continues), CS=collection set, F=free, OA=open archive, CA=closed archive, TAMS=top-at-mark-start (previous, next)
|   0|0x00000000c3400000, 0x00000000c3500000, 0x00000000c3500000|100%| O|  |TAMS 0x00000000c3400000, 0x00000000c3400000| Untracked 
|   1|0x00000000c3500000, 0x00000000c3600000, 0x00000000c3600000|100%| O|  |TAMS 0x00000000c3500000, 0x00000000c3500000| Untracked 
|   2|0x00000000c3600000, 0x00000000c3700000, 0x00000000c3700000|100%| O|  |TAMS 0x00000000c3600000, 0x00000000c3600000| Untracked 
|   3|0x00000000c3700000, 0x00000000c371a000, 0x00000000c3800000| 10%| O|  |TAMS 0x00000000c3700000, 0x00000000c3700000| Untracked 
|   4|0x00000000c3800000, 0x00000000c3800000, 0x00000000c3900000|  0%| F|  |TAMS 0x00000000c3800000, 0x00000000c3800000| Untracked 
|   5|0x00000000c3900000, 0x00000000c3900000, 0x00000000c3a00000|  0%| F|  |TAMS 0x00000000c3900000, 0x00000000c3900000| Untracked 
|   6|0x00000000c3a00000, 0x00000000c3a00000, 0x00000000c3b00000|  0%| F|  |TAMS 0x00000000c3a00000, 0x00000000c3a00000| Untracked 
|   7|0x00000000c3b00000, 0x00000000c3b00000, 0x00000000c3c00000|  0%| F|  |TAMS 0x00000000c3b00000, 0x00000000c3b00000| Untracked 
|   8|0x00000000c3c00000, 0x00000000c3c00000, 0x00000000c3d00000|  0%| F|  |TAMS 0x00000000c3c00000, 0x00000000c3c00000| Untracked 
|   9|0x00000000c3d00000, 0x00000000c3d00000, 0x00000000c3e00000|  0%| F|  |TAMS 0x00000000c3d00000, 0x00000000c3d00000| Untracked 
|  10|0x00000000c3e00000, 0x00000000c3e00000, 0x00000000c3f00000|  0%| F|  |TAMS 0x00000000c3e00000, 0x00000000c3e00000| Untracked 
|  11|0x00000000c3f00000, 0x00000000c3f00000, 0x00000000c4000000|  0%| F|  |TAMS 0x00000000c3f00000, 0x00000000c3f00000| Untracked 
|  12|0x00000000c4000000, 0x00000000c4000000, 0x00000000c4100000|  0%| F|  |TAMS 0x00000000c4000000, 0x00000000c4000000| Untracked 
|  13|0x00000000c4100000, 0x00000000c4100000, 0x00000000c4200000|  0%| F|  |TAMS 0x00000000c4100000, 0x00000000c4100000| Untracked 
|  14|0x00000000c4200000, 0x00000000c4200000, 0x00000000c4300000|  0%| F|  |TAMS 0x00000000c4200000, 0x00000000c4200000| Untracked 
|  15|0x00000000c4300000, 0x00000000c4300000, 0x00000000c4400000|  0%| F|  |TAMS 0x00000000c4300000, 0x00000000c4300000| Untracked 
|  16|0x00000000c4400000, 0x00000000c4400000, 0x00000000c4500000|  0%| F|  |TAMS 0x00000000c4400000, 0x00000000c4400000| Untracked 
|  17|0x00000000c4500000, 0x00000000c4500000, 0x00000000c4600000|  0%| F|  |TAMS 0x00000000c4500000, 0x00000000c4500000| Untracked 
|  18|0x00000000c4600000, 0x00000000c4600000, 0x00000000c4700000|  0%| F|  |TAMS 0x00000000c4600000, 0x00000000c4600000| Untracked 
|  19|0x00000000c4700000, 0x00000000c4700000, 0x00000000c4800000|  0%| F|  |TAMS 0x00000000c4700000, 0x00000000c4700000| Untracked 
|  20|0x00000000c4800000, 0x00000000c4800000, 0x00000000c4900000|  0%| F|  |TAMS 0x00000000c4800000, 0x00000000c4800000| Untracked 
|  21|0x00000000c4900000, 0x00000000c4900000, 0x00000000c4a00000|  0%| F|  |TAMS 0x00000000c4900000, 0x00000000c4900000| Untracked 
|  22|0x00000000c4a00000, 0x00000000c4a00000, 0x00000000c4b00000|  0%| F|  |TAMS 0x00000000c4a00000, 0x00000000c4a00000| Untracked 
|  23|0x00000000c4b00000, 0x00000000c4b00000, 0x00000000c4c00000|  0%| F|  |TAMS 0x00000000c4b00000, 0x00000000c4b00000| Untracked 
|  24|0x00000000c4c00000, 0x00000000c4c00000, 0x00000000c4d00000|  0%| F|  |TAMS 0x00000000c4c00000, 0x00000000c4c00000| Untracked 
|  25|0x00000000c4d00000, 0x00000000c4d00000, 0x00000000c4e00000|  0%| F|  |TAMS 0x00000000c4d00000, 0x00000000c4d00000| Untracked 
|  26|0x00000000c4e00000, 0x00000000c4e00000, 0x00000000c4f00000|  0%| F|  |TAMS 0x00000000c4e00000, 0x00000000c4e00000| Untracked 
|  27|0x00000000c4f00000, 0x00000000c4f00000, 0x00000000c5000000|  0%| F|  |TAMS 0x00000000c4f00000, 0x00000000c4f00000| Untracked 
|  28|0x00000000c5000000, 0x00000000c5000000, 0x00000000c5100000|  0%| F|  |TAMS 0x00000000c5000000, 0x00000000c5000000| Untracked 
|  29|0x00000000c5100000, 0x00000000c5100000, 0x00000000c5200000|  0%| F|  |TAMS 0x00000000c5100000, 0x00000000c5100000| Untracked 
|  30|0x00000000c5200000, 0x00000000c5200000, 0x00000000c5300000|  0%| F|  |TAMS 0x00000000c5200000, 0x00000000c5200000| Untracked 
|  31|0x00000000c5300000, 0x00000000c5300000, 0x00000000c5400000|  0%| F|  |TAMS 0x00000000c5300000, 0x00000000c5300000| Untracked 
|  32|0x00000000c5400000, 0x00000000c5400000, 0x00000000c5500000|  0%| F|  |TAMS 0x00000000c5400000, 0x00000000c5400000| Untracked 
|  33|0x00000000c5500000, 0x00000000c5500000, 0x00000000c5600000|  0%| F|  |TAMS 0x00000000c5500000, 0x00000000c5500000| Untracked 
|  34|0x00000000c5600000, 0x00000000c5600000, 0x00000000c5700000|  0%| F|  |TAMS 0x00000000c5600000, 0x00000000c5600000| Untracked 
|  35|0x00000000c5700000, 0x00000000c5700000, 0x00000000c5800000|  0%| F|  |TAMS 0x00000000c5700000, 0x00000000c5700000| Untracked 
|  36|0x00000000c5800000, 0x00000000c5800000, 0x00000000c5900000|  0%| F|  |TAMS 0x00000000c5800000, 0x00000000c5800000| Untracked 
|  37|0x00000000c5900000, 0x00000000c5900000, 0x00000000c5a00000|  0%| F|  |TAMS 0x00000000c5900000, 0x00000000c5900000| Untracked 
|  38|0x00000000c5a00000, 0x00000000c5a00000, 0x00000000c5b00000|  0%| F|  |TAMS 0x00000000c5a00000, 0x00000000c5a00000| Untracked 
|  39|0x00000000c5b00000, 0x00000000c5b00000, 0x00000000c5c00000|  0%| F|  |TAMS 0x00000000c5b00000, 0x00000000c5b00000| Untracked 
|  40|0x00000000c5c00000, 0x00000000c5c00000, 0x00000000c5d00000|  0%| F|  |TAMS 0x00000000c5c00000, 0x00000000c5c00000| Untracked 
|  41|0x00000000c5d00000, 0x00000000c5d00000, 0x00000000c5e00000|  0%| F|  |TAMS 0x00000000c5d00000, 0x00000000c5d00000| Untracked 
|  42|0x00000000c5e00000, 0x00000000c5e00000, 0x00000000c5f00000|  0%| F|  |TAMS 0x00000000c5e00000, 0x00000000c5e00000| Untracked 
|  43|0x00000000c5f00000, 0x00000000c5f00000, 0x00000000c6000000|  0%| F|  |TAMS 0x00000000c5f00000, 0x00000000c5f00000| Untracked 
|  44|0x00000000c6000000, 0x00000000c6000000, 0x00000000c6100000|  0%| F|  |TAMS 0x00000000c6000000, 0x00000000c6000000| Untracked 
|  45|0x00000000c6100000, 0x00000000c6100000, 0x00000000c6200000|  0%| F|  |TAMS 0x00000000c6100000, 0x00000000c6100000| Untracked 
|  46|0x00000000c6200000, 0x00000000c62b6ff8, 0x00000000c6300000| 71%| S|CS|TAMS 0x00000000c6200000, 0x00000000c6200000| Complete 
|  47|0x00000000c6300000, 0x00000000c6300000, 0x00000000c6400000|  0%| F|  |TAMS 0x00000000c6300000, 0x00000000c6300000| Untracked 
|  48|0x00000000c6400000, 0x00000000c6400000, 0x00000000c6500000|  0%| F|  |TAMS 0x00000000c6400000, 0x00000000c6400000| Untracked 
|  49|0x00000000c6500000, 0x00000000c6500000, 0x00000000c6600000|  0%| F|  |TAMS 0x00000000c6500000, 0x00000000c6500000| Untracked 
|  50|0x00000000c6600000, 0x00000000c6600000, 0x00000000c6700000|  0%| F|  |TAMS 0x00000000c6600000, 0x00000000c6600000| Untracked 
|  51|0x00000000c6700000, 0x00000000c67f1320, 0x00000000c6800000| 94%| E|  |TAMS 0x00000000c6700000, 0x00000000c6700000| Complete 
|  52|0x00000000c6800000, 0x00000000c6900000, 0x00000000c6900000|100%| E|CS|TAMS 0x00000000c6800000, 0x00000000c6800000| Complete 
|  53|0x00000000c6900000, 0x00000000c6a00000, 0x00000000c6a00000|100%| E|CS|TAMS 0x00000000c6900000, 0x00000000c6900000| Complete 
|  54|0x00000000c6a00000, 0x00000000c6b00000, 0x00000000c6b00000|100%| E|CS|TAMS 0x00000000c6a00000, 0x00000000c6a00000| Complete 
|  55|0x00000000c6b00000, 0x00000000c6c00000, 0x00000000c6c00000|100%| E|CS|TAMS 0x00000000c6b00000, 0x00000000c6b00000| Complete 
|  56|0x00000000c6c00000, 0x00000000c6d00000, 0x00000000c6d00000|100%| E|CS|TAMS 0x00000000c6c00000, 0x00000000c6c00000| Complete 
|  57|0x00000000c6d00000, 0x00000000c6e00000, 0x00000000c6e00000|100%| E|CS|TAMS 0x00000000c6d00000, 0x00000000c6d00000| Complete 
|  58|0x00000000c6e00000, 0x00000000c6f00000, 0x00000000c6f00000|100%| E|CS|TAMS 0x00000000c6e00000, 0x00000000c6e00000| Complete 
|  59|0x00000000c6f00000, 0x00000000c7000000, 0x00000000c7000000|100%| E|CS|TAMS 0x00000000c6f00000, 0x00000000c6f00000| Complete 
|  60|0x00000000c7000000, 0x00000000c7100000, 0x00000000c7100000|100%| E|CS|TAMS 0x00000000c7000000, 0x00000000c7000000| Complete 
|  61|0x00000000c7100000, 0x00000000c7200000, 0x00000000c7200000|100%| E|  |TAMS 0x00000000c7100000, 0x00000000c7100000| Complete 

Card table byte_map: [0x000001affc420000,0x000001affc610000] _byte_map_base: 0x000001affbe06000

Marking Bits (Prev, Next): (CMBitMap*) 0x000001affc199c60, (CMBitMap*) 0x000001affc199ca0
 Prev Bits: [0x000001affc800000, 0x000001affd730000)
 Next Bits: [0x000001affd730000, 0x000001affe660000)

Polling page: 0x000001affa140000

Metaspace:

Usage:
  Non-class:      5.94 MB used.
      Class:    816.06 KB used.
       Both:      6.74 MB used.

Virtual space:
  Non-class space:       16.00 MB reserved,       6.00 MB ( 38%) committed,  2 nodes.
      Class space:        1.00 GB reserved,     896.00 KB ( <1%) committed,  1 nodes.
             Both:        1.02 GB reserved,       6.88 MB ( <1%) committed. 

Chunk freelists:
   Non-Class:  3.88 MB
       Class:  3.09 MB
        Both:  6.97 MB

MaxMetaspaceSize: unlimited
CompressedClassSpaceSize: 1.00 GB
Initial GC threshold: 21.00 MB
Current GC threshold: 21.00 MB
CDS: on
MetaspaceReclaimPolicy: balanced
 - commit_granule_bytes: 65536.
 - commit_granule_words: 8192.
 - virtual_space_node_default_size: 1048576.
 - enlarge_chunks_in_place: 1.
 - new_chunks_are_fully_committed: 0.
 - uncommit_free_chunks: 1.
 - use_allocation_guard: 0.
 - handle_deallocations: 1.


Internal statistics:

num_allocs_failed_limit: 0.
num_arena_births: 24.
num_arena_deaths: 0.
num_vsnodes_births: 3.
num_vsnodes_deaths: 0.
num_space_committed: 110.
num_space_uncommitted: 0.
num_chunks_returned_to_freelist: 0.
num_chunks_taken_from_freelist: 232.
num_chunk_merges: 0.
num_chunk_splits: 170.
num_chunks_enlarged: 147.
num_purges: 0.
num_inconsistent_stats: 0.

CodeHeap 'non-profiled nmethods': size=120000Kb used=498Kb max_used=498Kb free=119501Kb
 bounds [0x000001af8f200000, 0x000001af8f470000, 0x000001af96730000]
CodeHeap 'profiled nmethods': size=120000Kb used=2670Kb max_used=2670Kb free=117329Kb
 bounds [0x000001af87cd0000, 0x000001af87f70000, 0x000001af8f200000]
CodeHeap 'non-nmethods': size=5760Kb used=1147Kb max_used=1191Kb free=4612Kb
 bounds [0x000001af87730000, 0x000001af879a0000, 0x000001af87cd0000]
 total_blobs=1761 nmethods=1325 adapters=349
 compilation: enabled
              stopped_count=0, restarted_count=0
 full_count=0

Compilation events (20 events):
Event: 1.141 Thread 0x000001affeaca630 1294       3       jdk.internal.reflect.ReflectionFactory::getExecutableSharedParameterTypes (11 bytes)
Event: 1.142 Thread 0x000001affeaca630 nmethod 1294 0x000001af87f5a710 code [0x000001af87f5a8c0, 0x000001af87f5ab28]
Event: 1.145 Thread 0x000001affeaca630 1295       3       java.util.Arrays$ArrayItr::hasNext (18 bytes)
Event: 1.145 Thread 0x000001affeaca630 nmethod 1295 0x000001af87f5ac90 code [0x000001af87f5ae20, 0x000001af87f5af98]
Event: 1.145 Thread 0x000001affeaca630 1296       3       java.lang.reflect.Executable::<init> (5 bytes)
Event: 1.145 Thread 0x000001affeaca630 nmethod 1296 0x000001af87f5b090 code [0x000001af87f5b240, 0x000001af87f5b3f8]
Event: 1.147 Thread 0x000001affeaca630 1297       3       java.lang.StringBuilder::append (6 bytes)
Event: 1.148 Thread 0x000001affeaca630 nmethod 1297 0x000001af87f5b510 code [0x000001af87f5b6c0, 0x000001af87f5b868]
Event: 1.168 Thread 0x000001affeaca630 1298       3       java.util.Arrays$ArrayItr::next (36 bytes)
Event: 1.168 Thread 0x000001affeaca630 nmethod 1298 0x000001af87f5b910 code [0x000001af87f5bac0, 0x000001af87f5bd08]
Event: 1.168 Thread 0x000001affeaca630 1299       3       com.google.inject.spi.InjectionPoint$1::compare (13 bytes)
Event: 1.169 Thread 0x000001affeaca630 nmethod 1299 0x000001af87f5be10 code [0x000001af87f5c000, 0x000001af87f5c588]
Event: 1.176 Thread 0x000001af98b708f0 1300       4       jdk.internal.loader.URLClassPath::getResource (74 bytes)
Event: 1.179 Thread 0x000001affeab7de0 1301       4       java.util.jar.JarFile::getEntry (35 bytes)
Event: 1.191 Thread 0x000001affeaca630 1304       3       com.google.common.collect.ComparisonChain$1::compare (13 bytes)
Event: 1.191 Thread 0x000001affeaca630 nmethod 1304 0x000001af87f5c790 code [0x000001af87f5c980, 0x000001af87f5cdc8]
Event: 1.192 Thread 0x000001affeaca630 1306       3       java.lang.invoke.VarHandle::checkExactAccessMode (28 bytes)
Event: 1.193 Thread 0x000001affeaca630 nmethod 1306 0x000001af87f5cf90 code [0x000001af87f5d1c0, 0x000001af87f5db78]
Event: 1.193 Thread 0x000001affeaca630 1307       3       java.lang.invoke.VarForm::getMemberName (20 bytes)
Event: 1.193 Thread 0x000001affeaca630 nmethod 1307 0x000001af87f5df90 code [0x000001af87f5e160, 0x000001af87f5e478]

GC Heap History (4 events):
Event: 0.455 GC heap before
{Heap before GC invocations=0 (full 0):
 garbage-first heap   total 63488K, used 13312K [0x00000000c3400000, 0x0000000100000000)
  region size 1024K, 13 young (13312K), 0 survivors (0K)
 Metaspace       used 3482K, committed 3648K, reserved 1056768K
  class space    used 365K, committed 448K, reserved 1048576K
}
Event: 0.461 GC heap after
{Heap after GC invocations=1 (full 0):
 garbage-first heap   total 63488K, used 3136K [0x00000000c3400000, 0x0000000100000000)
  region size 1024K, 2 young (2048K), 2 survivors (2048K)
 Metaspace       used 3482K, committed 3648K, reserved 1056768K
  class space    used 365K, committed 448K, reserved 1048576K
}
Event: 0.849 GC heap before
{Heap before GC invocations=1 (full 0):
 garbage-first heap   total 63488K, used 16448K [0x00000000c3400000, 0x0000000100000000)
  region size 1024K, 15 young (15360K), 2 survivors (2048K)
 Metaspace       used 5162K, committed 5376K, reserved 1056768K
  class space    used 608K, committed 704K, reserved 1048576K
}
Event: 0.854 GC heap after
{Heap after GC invocations=2 (full 0):
 garbage-first heap   total 63488K, used 3907K [0x00000000c3400000, 0x0000000100000000)
  region size 1024K, 1 young (1024K), 1 survivors (1024K)
 Metaspace       used 5162K, committed 5376K, reserved 1056768K
  class space    used 608K, committed 704K, reserved 1048576K
}

Deoptimization events (20 events):
Event: 0.883 Thread 0x000001affc164e20 Uncommon trap: trap_request=0xffffffde fr.pc=0x000001af8f262cc8 relative=0x0000000000000128
Event: 0.883 Thread 0x000001affc164e20 Uncommon trap: reason=class_check action=maybe_recompile pc=0x000001af8f262cc8 method=jdk.internal.misc.Unsafe.allocateUninitializedArray(Ljava/lang/Class;I)Ljava/lang/Object; @ 51 c2
Event: 0.883 Thread 0x000001affc164e20 DEOPT PACKING pc=0x000001af8f262cc8 sp=0x0000005c465fd070
Event: 0.883 Thread 0x000001affc164e20 DEOPT UNPACKING pc=0x000001af877823a3 sp=0x0000005c465fcff8 mode 2
Event: 0.964 Thread 0x000001affc164e20 DEOPT PACKING pc=0x000001af87d0cd88 sp=0x0000005c465fd3b0
Event: 0.964 Thread 0x000001affc164e20 DEOPT UNPACKING pc=0x000001af87782b43 sp=0x0000005c465fc8b8 mode 0
Event: 0.969 Thread 0x000001affc164e20 Uncommon trap: trap_request=0xffffff45 fr.pc=0x000001af8f264954 relative=0x0000000000000334
Event: 0.969 Thread 0x000001affc164e20 Uncommon trap: reason=unstable_if action=reinterpret pc=0x000001af8f264954 method=java.lang.String.<init>([CIILjava/lang/Void;)V @ 5 c2
Event: 0.969 Thread 0x000001affc164e20 DEOPT PACKING pc=0x000001af8f264954 sp=0x0000005c465fd730
Event: 0.970 Thread 0x000001affc164e20 DEOPT UNPACKING pc=0x000001af877823a3 sp=0x0000005c465fd6f0 mode 2
Event: 1.007 Thread 0x000001affc164e20 Uncommon trap: trap_request=0xffffff45 fr.pc=0x000001af8f26f6e4 relative=0x00000000000004c4
Event: 1.007 Thread 0x000001affc164e20 Uncommon trap: reason=unstable_if action=reinterpret pc=0x000001af8f26f6e4 method=java.lang.String.<init>([CIILjava/lang/Void;)V @ 5 c2
Event: 1.007 Thread 0x000001affc164e20 DEOPT PACKING pc=0x000001af8f26f6e4 sp=0x0000005c465fd810
Event: 1.007 Thread 0x000001affc164e20 DEOPT UNPACKING pc=0x000001af877823a3 sp=0x0000005c465fd6a8 mode 2
Event: 1.059 Thread 0x000001affc164e20 DEOPT PACKING pc=0x000001af87f2d211 sp=0x0000005c465fd7e0
Event: 1.059 Thread 0x000001affc164e20 DEOPT UNPACKING pc=0x000001af87782b43 sp=0x0000005c465fcc38 mode 0
Event: 1.072 Thread 0x000001affc164e20 Uncommon trap: trap_request=0xffffffde fr.pc=0x000001af8f25bea8 relative=0x00000000000009a8
Event: 1.072 Thread 0x000001affc164e20 Uncommon trap: reason=class_check action=maybe_recompile pc=0x000001af8f25bea8 method=java.util.HashMap.putVal(ILjava/lang/Object;Ljava/lang/Object;ZZ)Ljava/lang/Object; @ 203 c2
Event: 1.072 Thread 0x000001affc164e20 DEOPT PACKING pc=0x000001af8f25bea8 sp=0x0000005c465fddf0
Event: 1.073 Thread 0x000001affc164e20 DEOPT UNPACKING pc=0x000001af877823a3 sp=0x0000005c465fdd28 mode 2

Classes unloaded (0 events):
No events

Classes redefined (0 events):
No events

Internal exceptions (1 events):
Event: 0.515 Thread 0x000001affc164e20 Exception <a 'java/lang/NoSuchMethodError'{0x00000000c70bad78}: 'java.lang.Object java.lang.invoke.DirectMethodHandle$Holder.newInvokeSpecial(java.lang.Object, java.lang.Object, java.lang.Object, java.lang.Object, java.lang.Object)'> (0x00000000c70bad78) 
thrown [t:\workspace\open\src\hotspot\share\interpreter\linkResolver.cpp, line 766]

VM Operations (18 events):
Event: 0.043 Executing VM operation: HandshakeAllThreads
Event: 0.043 Executing VM operation: HandshakeAllThreads done
Event: 0.117 Executing VM operation: HandshakeAllThreads
Event: 0.117 Executing VM operation: HandshakeAllThreads done
Event: 0.148 Executing VM operation: HandshakeAllThreads
Event: 0.148 Executing VM operation: HandshakeAllThreads done
Event: 0.216 Executing VM operation: HandshakeAllThreads
Event: 0.216 Executing VM operation: HandshakeAllThreads done
Event: 0.455 Executing VM operation: G1CollectForAllocation
Event: 0.461 Executing VM operation: G1CollectForAllocation done
Event: 0.849 Executing VM operation: G1CollectForAllocation
Event: 0.854 Executing VM operation: G1CollectForAllocation done
Event: 1.130 Executing VM operation: HandshakeAllThreads
Event: 1.130 Executing VM operation: HandshakeAllThreads done
Event: 1.178 Executing VM operation: HandshakeAllThreads
Event: 1.178 Executing VM operation: HandshakeAllThreads done
Event: 1.190 Executing VM operation: HandshakeAllThreads
Event: 1.190 Executing VM operation: HandshakeAllThreads done

Events (20 events):
Event: 0.912 loading class jdk/internal/reflect/UTF8
Event: 0.912 loading class jdk/internal/reflect/UTF8 done
Event: 0.914 loading class jdk/internal/reflect/Label
Event: 0.914 loading class jdk/internal/reflect/Label done
Event: 0.914 loading class jdk/internal/reflect/Label$PatchInfo
Event: 0.914 loading class jdk/internal/reflect/Label$PatchInfo done
Event: 0.914 loading class jdk/internal/reflect/MethodAccessorGenerator$1
Event: 0.914 loading class jdk/internal/reflect/MethodAccessorGenerator$1 done
Event: 0.914 loading class jdk/internal/reflect/ClassDefiner
Event: 0.914 loading class jdk/internal/reflect/ClassDefiner done
Event: 0.914 loading class jdk/internal/reflect/ClassDefiner$1
Event: 0.914 loading class jdk/internal/reflect/ClassDefiner$1 done
Event: 0.915 loading class jdk/internal/reflect/BootstrapConstructorAccessorImpl
Event: 0.915 loading class jdk/internal/reflect/BootstrapConstructorAccessorImpl done
Event: 1.138 loading class java/lang/Deprecated
Event: 1.138 loading class java/lang/Deprecated done
Event: 1.168 loading class java/util/EventObject
Event: 1.168 loading class java/util/EventObject done
Event: 1.178 loading class java/lang/NumberFormatException
Event: 1.178 loading class java/lang/NumberFormatException done


Dynamic libraries:
0x00007ff7ed980000 - 0x00007ff7ed990000 	D:\Program Files\Java\jdk-17.0.1\bin\java.exe
0x00007ff80b720000 - 0x00007ff80b910000 	C:\Windows\SYSTEM32\ntdll.dll
0x00007ff809f00000 - 0x00007ff809fb2000 	C:\Windows\System32\KERNEL32.DLL
0x00007ff809220000 - 0x00007ff8094c3000 	C:\Windows\System32\KERNELBASE.dll
0x00007ff8096d0000 - 0x00007ff8097ca000 	C:\Windows\System32\ucrtbase.dll
0x00007ffff9880000 - 0x00007ffff989a000 	D:\Program Files\Java\jdk-17.0.1\bin\VCRUNTIME140.dll
0x00007ffff99a0000 - 0x00007ffff99b8000 	D:\Program Files\Java\jdk-17.0.1\bin\jli.dll
0x00007ff809dd0000 - 0x00007ff809e73000 	C:\Windows\System32\ADVAPI32.dll
0x00007ff80b070000 - 0x00007ff80b10e000 	C:\Windows\System32\msvcrt.dll
0x00007ff8097d0000 - 0x00007ff809867000 	C:\Windows\System32\sechost.dll
0x00007ff80b590000 - 0x00007ff80b6b0000 	C:\Windows\System32\RPCRT4.dll
0x00007ff809fc0000 - 0x00007ff80a154000 	C:\Windows\System32\USER32.dll
0x00007ff8094f0000 - 0x00007ff809511000 	C:\Windows\System32\win32u.dll
0x00007ffff4720000 - 0x00007ffff49a5000 	C:\Windows\WinSxS\amd64_microsoft.windows.common-controls_6595b64144ccf1df_6.0.18362.418_none_e6c6b287130d565d\COMCTL32.dll
0x00007ff80af70000 - 0x00007ff80af96000 	C:\Windows\System32\GDI32.dll
0x00007ff809080000 - 0x00007ff809214000 	C:\Windows\System32\gdi32full.dll
0x00007ff809a90000 - 0x00007ff809dc6000 	C:\Windows\System32\combase.dll
0x00007ff809630000 - 0x00007ff8096ce000 	C:\Windows\System32\msvcp_win.dll
0x00007ff808700000 - 0x00007ff808780000 	C:\Windows\System32\bcryptPrimitives.dll
0x00007ff8005f0000 - 0x00007ff8005fa000 	C:\Windows\SYSTEM32\VERSION.dll
0x00007ff80b6b0000 - 0x00007ff80b6de000 	C:\Windows\System32\IMM32.DLL
0x00007ff801f50000 - 0x00007ff801f5c000 	D:\Program Files\Java\jdk-17.0.1\bin\vcruntime140_1.dll
0x00007ffff7ac0000 - 0x00007ffff7b4d000 	D:\Program Files\Java\jdk-17.0.1\bin\msvcp140.dll
0x00007fffb2bc0000 - 0x00007fffb377e000 	D:\Program Files\Java\jdk-17.0.1\bin\server\jvm.dll
0x00007ff809a80000 - 0x00007ff809a88000 	C:\Windows\System32\PSAPI.DLL
0x00007ffff3bd0000 - 0x00007ffff3bd9000 	C:\Windows\SYSTEM32\WSOCK32.dll
0x00007ff8042c0000 - 0x00007ff8042e4000 	C:\Windows\SYSTEM32\WINMM.dll
0x00007ff80a5a0000 - 0x00007ff80a60f000 	C:\Windows\System32\WS2_32.dll
0x00007ff804290000 - 0x00007ff8042bd000 	C:\Windows\SYSTEM32\winmmbase.dll
0x00007ff8086b0000 - 0x00007ff8086fa000 	C:\Windows\System32\cfgmgr32.dll
0x00007ff808670000 - 0x00007ff808681000 	C:\Windows\System32\kernel.appcore.dll
0x00007ff8001f0000 - 0x00007ff8001fa000 	D:\Program Files\Java\jdk-17.0.1\bin\jimage.dll
0x00007ff806f00000 - 0x00007ff8070f4000 	C:\Windows\SYSTEM32\DBGHELP.DLL
0x00007ffff0260000 - 0x00007ffff028a000 	C:\Windows\SYSTEM32\dbgcore.DLL
0x00007ffff82f0000 - 0x00007ffff8315000 	D:\Program Files\Java\jdk-17.0.1\bin\java.dll
0x00007fffcaf40000 - 0x00007fffcb016000 	D:\Program Files\Java\jdk-17.0.1\bin\svml.dll
0x00007ff80a670000 - 0x00007ff80ad55000 	C:\Windows\System32\SHELL32.dll
0x00007ff8098f0000 - 0x00007ff809999000 	C:\Windows\System32\shcore.dll
0x00007ff808780000 - 0x00007ff808eff000 	C:\Windows\System32\windows.storage.dll
0x00007ff808650000 - 0x00007ff80866f000 	C:\Windows\System32\profapi.dll
0x00007ff808600000 - 0x00007ff80864a000 	C:\Windows\System32\powrprof.dll
0x00007ff8085f0000 - 0x00007ff808600000 	C:\Windows\System32\UMPDC.dll
0x00007ff80a610000 - 0x00007ff80a662000 	C:\Windows\System32\shlwapi.dll
0x00007ff8094d0000 - 0x00007ff8094e7000 	C:\Windows\System32\cryptsp.dll
0x00007ffff91c0000 - 0x00007ffff91d9000 	D:\Program Files\Java\jdk-17.0.1\bin\net.dll
0x00007ffff95d0000 - 0x00007ffff96c0000 	C:\Windows\SYSTEM32\WINHTTP.dll
0x00007ff807e60000 - 0x00007ff807ec7000 	C:\Windows\system32\mswsock.dll
0x00007ffff82d0000 - 0x00007ffff82e5000 	D:\Program Files\Java\jdk-17.0.1\bin\nio.dll
0x00007ffff82b0000 - 0x00007ffff82c8000 	D:\Program Files\Java\jdk-17.0.1\bin\zip.dll
0x00007ffff9870000 - 0x00007ffff9880000 	D:\Program Files\Java\jdk-17.0.1\bin\verify.dll
0x00007ffff9980000 - 0x00007ffff998a000 	G:\Program Files\NetBeans-12.5\netbeans\java\maven\lib\jansi-native\windows64\jansi.dll

dbghelp: loaded successfully - version: 4.0.5 - missing functions: none
symbol engine: initialized successfully - sym options: 0x614 - pdb path: .;D:\Program Files\Java\jdk-17.0.1\bin;C:\Windows\SYSTEM32;C:\Windows\WinSxS\amd64_microsoft.windows.common-controls_6595b64144ccf1df_6.0.18362.418_none_e6c6b287130d565d;D:\Program Files\Java\jdk-17.0.1\bin\server;G:\Program Files\NetBeans-12.5\netbeans\java\maven\lib\jansi-native\windows64

VM Arguments:
jvm_args: -Dclassworlds.conf=G:\Program Files\NetBeans-12.5\netbeans\java\maven\bin\..\bin\m2.conf -Dmaven.home=G:\Program Files\NetBeans-12.5\netbeans\java\maven\bin\.. -Dlibrary.jansi.path=G:\Program Files\NetBeans-12.5\netbeans\java\maven\bin\..\lib\jansi-native -Dmaven.multiModuleProjectDirectory=G:\hoctap\SINHVIEN\namtu\HK1\LTM\THI_HK\AppChat 
java_command: org.codehaus.plexus.classworlds.launcher.Launcher -Dexec.vmArgs= -Dexec.args=${exec.vmArgs} -classpath %classpath ${exec.mainClass} ${exec.appArgs} -Dexec.executable=D:\Program Files\Java\jdk-17.0.1\bin\java.exe -Dexec.mainClass=Client.MainClient -Dexec.classpathScope=runtime -Dexec.appArgs= -Dmaven.ext.class.path=G:\Program Files\NetBeans-12.5\netbeans\java\maven-nblib\netbeans-eventspy.jar -Dfile.encoding=UTF-8 org.codehaus.mojo:exec-maven-plugin:3.0.0:exec
java_class_path (initial): G:\Program Files\NetBeans-12.5\netbeans\java\maven\bin\..\boot\plexus-classworlds-2.6.0.jar
Launcher Type: SUN_STANDARD

[Global flags]
     intx CICompilerCount                          = 3                                         {product} {ergonomic}
     uint ConcGCThreads                            = 1                                         {product} {ergonomic}
     uint G1ConcRefinementThreads                  = 4                                         {product} {ergonomic}
   size_t G1HeapRegionSize                         = 1048576                                   {product} {ergonomic}
    uintx GCDrainStackTargetSize                   = 64                                        {product} {ergonomic}
   size_t InitialHeapSize                          = 65011712                                  {product} {ergonomic}
   size_t MarkStackSize                            = 4194304                                   {product} {ergonomic}
   size_t MaxHeapSize                              = 1019215872                                {product} {ergonomic}
   size_t MaxNewSize                               = 611319808                                 {product} {ergonomic}
   size_t MinHeapDeltaBytes                        = 1048576                                   {product} {ergonomic}
   size_t MinHeapSize                              = 8388608                                   {product} {ergonomic}
    uintx NonNMethodCodeHeapSize                   = 5832780                                {pd product} {ergonomic}
    uintx NonProfiledCodeHeapSize                  = 122912730                              {pd product} {ergonomic}
    uintx ProfiledCodeHeapSize                     = 122912730                              {pd product} {ergonomic}
    uintx ReservedCodeCacheSize                    = 251658240                              {pd product} {ergonomic}
     bool SegmentedCodeCache                       = true                                      {product} {ergonomic}
   size_t SoftMaxHeapSize                          = 1019215872                             {manageable} {ergonomic}
     bool UseCompressedClassPointers               = true                           {product lp64_product} {ergonomic}
     bool UseCompressedOops                        = true                           {product lp64_product} {ergonomic}
     bool UseG1GC                                  = true                                      {product} {ergonomic}
     bool UseLargePagesIndividualAllocation        = false                                  {pd product} {ergonomic}

Logging:
Log output configuration:
 #0: stdout all=warning uptime,level,tags
 #1: stderr all=off uptime,level,tags

Environment Variables:
JAVA_HOME=D:\Program Files\Java\jdk-17.0.1
PATH=H:\Program Files (x86)\VMware\VMware Workstation\bin\;C:\Program Files\Microsoft MPI\Bin\;C:\Program Files\Common Files\Oracle\Java\javapath;C:\Windows\system32;C:\Windows;C:\Windows\System32\Wbem;C:\Windows\System32\WindowsPowerShell\v1.0\;C:\Windows\System32\OpenSSH\;C:\Program Files\Microsoft SQL Server\Client SDK\ODBC\170\Tools\Binn\;C:\Program Files (x86)\Microsoft SQL Server\150\Tools\Binn\;C:\Program Files\Microsoft SQL Server\150\Tools\Binn\;C:\Program Files\Microsoft SQL Server\150\DTS\Binn\;C:\Program Files (x86)\Microsoft SQL Server\150\DTS\Binn\;H:\Program Files\Git\cmd;C:\Users\Administrator\AppData\Local\Microsoft\WindowsApps;G:\Program Files\JetBrains\IntelliJ IDEA 2021.2.3\bin;;C:\Program Files\Azure Data Studio\bin;C:\Users\Administrator\AppData\Local\GitHubDesktop\bin
USERNAME=LEVU
OS=Windows_NT
PROCESSOR_IDENTIFIER=Intel64 Family 6 Model 142 Stepping 9, GenuineIntel



---------------  S Y S T E M  ---------------

OS:
 Windows 10 , 64 bit Build 18362 (10.0.18362.329)
OS uptime: 1 days 2:39 hours

CPU: total 4 (initial active 4) (2 cores per cpu, 2 threads per core) family 6 model 142 stepping 9 microcode 0xde, cx8, cmov, fxsr, ht, mmx, 3dnowpref, sse, sse2, sse3, ssse3, sse4.1, sse4.2, popcnt, lzcnt, tsc, tscinvbit, avx, avx2, aes, erms, clmul, bmi1, bmi2, adx, fma, vzeroupper, clflush, clflushopt

Memory: 4k page, system-wide physical 3887M (348M free)
TotalPageFile size 15663M (AvailPageFile size 18M)
current process WorkingSet (physical memory assigned to process): 71M, peak: 71M
current process commit charge ("private bytes"): 151M, peak: 151M

vm_info: Java HotSpot(TM) 64-Bit Server VM (17.0.1+12-LTS-39) for windows-amd64 JRE (17.0.1+12-LTS-39), built on Sep 27 2021 18:41:35 by "mach5one" with MS VC++ 16.8 (VS2019)

END.
